Step: build-step-credential-initializer:

{"level":"warn","ts":1548242199.3252113,"logger":"fallback-logger","caller":"logging/config.go:65","msg":"Fetch GitHub commit ID from kodata failed: \"ref: refs/heads/test\" is not a valid GitHub commit ID"}
{"level":"info","ts":1548242199.3261762,"logger":"fallback-logger","caller":"creds-init/main.go:40","msg":"Credentials initialized."}
Step: build-step-git-source-0:

{"level":"warn","ts":1548242201.897438,"logger":"fallback-logger","caller":"logging/config.go:65","msg":"Fetch GitHub commit ID from kodata failed: \"ref: refs/heads/test\" is not a valid GitHub commit ID"}
{"level":"info","ts":1548242203.0858102,"logger":"fallback-logger","caller":"git-init/main.go:92","msg":"Successfully cloned \"https://github.com/cb-kubecd/feefifum1.git\" @ \"master\" in path \"/workspace\""}
Step: build-step-jenkins:

Picked up _JAVA_OPTIONS: -Xmx400m
Started
Running in Durability level: PERFORMANCE_OPTIMIZED
  19.620 [id=32]	WARNING	i.f.k.c.i.VersionUsageUtils#alert: The client is using resource type 'customresourcedefinitions' with unstable version 'v1beta1'
[Pipeline] node
Running on Jenkins in /tmp/jenkinsTests.tmp/jenkins8210145129368548494test/workspace/job
[Pipeline] {
[Pipeline] stage
[Pipeline] { (Declarative: Checkout SCM)
[Pipeline] checkout
[Pipeline] }
[Pipeline] // stage
[Pipeline] withCredentials
[Pipeline] {
[Pipeline] withEnv
[Pipeline] {
[Pipeline] stage
[Pipeline] { (CI Build and push snapshot)
Stage "CI Build and push snapshot" skipped due to when conditional
[Pipeline] }
[Pipeline] // stage
[Pipeline] stage
[Pipeline] { (Build Release)
[Pipeline] dir
Running in /home/jenkins/go/src/github.com/cb-kubecd/feefifum1
[Pipeline] {
[Pipeline] git
Cloning the remote Git repository
Cloning repository https://github.com/cb-kubecd/feefifum1.git
 > git init /home/jenkins/go/src/github.com/cb-kubecd/feefifum1 # timeout=10
Fetching upstream changes from https://github.com/cb-kubecd/feefifum1.git
 > git --version # timeout=10
 > git fetch --tags --progress https://github.com/cb-kubecd/feefifum1.git +refs/heads/*:refs/remotes/origin/*
 > git config remote.origin.url https://github.com/cb-kubecd/feefifum1.git # timeout=10
 > git config --add remote.origin.fetch +refs/heads/*:refs/remotes/origin/* # timeout=10
 > git config remote.origin.url https://github.com/cb-kubecd/feefifum1.git # timeout=10
Fetching upstream changes from https://github.com/cb-kubecd/feefifum1.git
 > git fetch --tags --progress https://github.com/cb-kubecd/feefifum1.git +refs/heads/*:refs/remotes/origin/*
 > git rev-parse refs/remotes/origin/master^{commit} # timeout=10
 > git rev-parse refs/remotes/origin/origin/master^{commit} # timeout=10
Checking out Revision fac88748c93f0b3218604003fa901576df985317 (refs/remotes/origin/master)
 > git config core.sparsecheckout # timeout=10
 > git checkout -f fac88748c93f0b3218604003fa901576df985317
 > git branch -a -v --no-abbrev # timeout=10
 > git checkout -b master fac88748c93f0b3218604003fa901576df985317
Commit message: "Draft create"
First time build. Skipping changelog.
[Pipeline] sh
+ jx-release-version
+ echo 0.0.1
[Pipeline] sh
+ cat VERSION
+ jx step tag --version 0.0.1
Tag v0.0.1 created and pushed to remote origin
[Pipeline] sh
+ make build
CGO_ENABLED=0 GO15VENDOREXPERIMENT=1 go build -ldflags '' -o bin/feefifum1 main.go
[Pipeline] sh
+ cat VERSION
+ export VERSION=0.0.1
+ skaffold build -f skaffold.yaml
Starting build...
Building [changeme]...
Sending build context to Docker daemon  525.8kBSending build context to Docker daemon  5.539MBSending build context to Docker daemon  6.506MB
Step 1/4 : FROM scratch
 ---> 
Step 2/4 : EXPOSE 8080
 ---> Running in 6e5220523146
 ---> 22926df42da7
Step 3/4 : ENTRYPOINT /feefifum1
 ---> Running in 2f69c5ce4e38
 ---> 6d347391e7f9
Step 4/4 : COPY ./bin/ /
 ---> 8ef4b4d39958
Successfully built 8ef4b4d39958
The push refers to a repository [10.11.248.99:5000/cb-kubecd/feefifum1]
d77151c30cdc: Preparing
d77151c30cdc: Pushed
0.0.1: digest: sha256:bc6b6e265032f6f26f84e1112bcb3b5a13b8da844991f498847aa6111d289a4f size: 528
Build complete in 1.650773615s
Starting test...
Test complete in 4.993µs
changeme -> 10.11.248.99:5000/cb-kubecd/feefifum1:0.0.1
There is a new version (0.21.1) of skaffold available. Download it at https://storage.googleapis.com/skaffold/releases/latest/skaffold-linux-amd64

[Pipeline] sh
+ cat VERSION
+ jx step post build --image 10.11.248.99:5000/cb-kubecd/feefifum1:0.0.1
[Pipeline] }
[Pipeline] // dir
[Pipeline] }
[Pipeline] // stage
[Pipeline] stage
[Pipeline] { (Promote to Environments)
[Pipeline] dir
Running in /home/jenkins/go/src/github.com/cb-kubecd/feefifum1/charts/feefifum1
[Pipeline] {
[Pipeline] sh
+ cat ../../VERSION
+ jx step changelog --version v0.0.1
Using batch mode as inside a pipeline
Generating change log from git ref fac88748c93f0b3218604003fa901576df985317 => 118a70e800b36179d61c50df31f22a5ce9b982cb
Failed to enrich commits with issues: User.jenkins.io "" is invalid: metadata.name: Required value: name or generateName is required
Failed to enrich commits with issues: User.jenkins.io "" is invalid: metadata.name: Required value: name or generateName is required
Finding issues in commit messages using git format
No release found for cb-kubecd/feefifum1 and tag v0.0.1 so creating a new release
Updated the release information at https://github.com/cb-kubecd/feefifum1/releases/tag/v0.0.1
generated: /home/jenkins/go/src/github.com/cb-kubecd/feefifum1/charts/feefifum1/templates/release.yaml
Created Release feefifum1-0-0-1 resource in namespace jx
Updating PipelineActivity cb-kubecd-feefifum1-master-1 with version 0.0.1
Updated PipelineActivities cb-kubecd-feefifum1-master-1 with release notes URL: https://github.com/cb-kubecd/feefifum1/releases/tag/v0.0.1
[Pipeline] sh
+ jx step helm release
No $CHART_REPOSITORY defined so using the default value of: http://jenkins-x-chartmuseum:8080
Adding missing Helm repo: jenkins-x http://chartmuseum.jenkins-x.io
Successfully added Helm repository jenkins-x.
Adding missing Helm repo: releases http://jenkins-x-chartmuseum:8080
Successfully added Helm repository releases.
No $CHART_REPOSITORY defined so using the default value of: http://jenkins-x-chartmuseum:8080
Uploading chart file feefifum1-0.0.1.tgz to http://jenkins-x-chartmuseum:8080/api/charts
Received 201 response: {"saved":true}
[Pipeline] sh
+ cat ../../VERSION
+ jx promote -b --all-auto --timeout 1h --version 0.0.1
prow based install so skip waiting for the merge of Pull Requests to go green as currently there is an issue with gettingstatuses from the PR, see https://github.com/jenkins-x/jx/issues/2410
Promoting app feefifum1 version 0.0.1 to namespace jx-staging
Created Pull Request: https://github.com/cb-kubecd/environment-jrawlings-dev8-staging/pull/2

Pull Request https://github.com/cb-kubecd/environment-jrawlings-dev8-staging/pull/2 is merged at sha 8c08759f0e93636083fe6aa2fa56af99fc932476
Pull Request merged but we are not waiting for the update pipeline to complete!
Could not find the service URL in namespace jx-staging for names feefifum1, jx-feefifum1, jx-staging-feefifum1
[Pipeline] }
[Pipeline] // dir
[Pipeline] }
[Pipeline] // stage
[Pipeline] }
[Pipeline] // withEnv
[Pipeline] }
[Pipeline] // withCredentials
[Pipeline] }
[Pipeline] // node
[Pipeline] End of Pipeline
Finished: SUCCESS
